<?xml version="1.0" encoding="UTF-8"?>
<coverage generated="1570744249597" clover="3.2.0">
  <project timestamp="1570744249597" name="All files">
    <metrics statements="87" coveredstatements="79" conditionals="72" coveredconditionals="62" methods="19" coveredmethods="15" elements="178" coveredelements="156" complexity="0" loc="87" ncloc="87" packages="1" files="3" classes="3"/>
    <file name="book.repository.js" path="C:\Users\redwa\OneDrive\Bureau\tp-jest-master\src\book.repository.js">
      <metrics statements="4" coveredstatements="4" conditionals="0" coveredconditionals="0" methods="6" coveredmethods="3"/>
      <line num="7" count="2" type="stmt"/>
      <line num="11" count="1" type="stmt"/>
      <line num="19" count="1" type="stmt"/>
      <line num="62" count="1" type="stmt"/>
    </file>
    <file name="interval.js" path="C:\Users\redwa\OneDrive\Bureau\tp-jest-master\src\interval.js">
      <metrics statements="34" coveredstatements="29" conditionals="40" coveredconditionals="33" methods="7" coveredmethods="6"/>
      <line num="3" count="63" type="stmt"/>
      <line num="4" count="63" type="stmt"/>
      <line num="9" count="0" type="stmt"/>
      <line num="28" count="14" type="cond" truecount="2" falsecount="0"/>
      <line num="48" count="2" type="cond" truecount="2" falsecount="0"/>
      <line num="69" count="2" type="cond" truecount="2" falsecount="0"/>
      <line num="70" count="1" type="stmt"/>
      <line num="73" count="1" type="stmt"/>
      <line num="95" count="5" type="cond" truecount="2" falsecount="0"/>
      <line num="97" count="4" type="cond" truecount="2" falsecount="0"/>
      <line num="99" count="2" type="cond" truecount="2" falsecount="0"/>
      <line num="101" count="1" type="stmt"/>
      <line num="103" count="1" type="stmt"/>
      <line num="106" count="2" type="cond" truecount="2" falsecount="0"/>
      <line num="108" count="1" type="stmt"/>
      <line num="110" count="1" type="stmt"/>
      <line num="113" count="1" type="stmt"/>
      <line num="135" count="5" type="cond" truecount="2" falsecount="0"/>
      <line num="138" count="4" type="cond" truecount="3" falsecount="1"/>
      <line num="140" count="0" type="stmt"/>
      <line num="142" count="4" type="cond" truecount="4" falsecount="0"/>
      <line num="144" count="2" type="cond" truecount="2" falsecount="0"/>
      <line num="146" count="1" type="stmt"/>
      <line num="148" count="1" type="stmt"/>
      <line num="150" count="2" type="cond" truecount="4" falsecount="0"/>
      <line num="152" count="1" type="stmt"/>
      <line num="154" count="1" type="cond" truecount="3" falsecount="1"/>
      <line num="156" count="1" type="stmt"/>
      <line num="158" count="0" type="cond" truecount="0" falsecount="4"/>
      <line num="159" count="0" type="stmt"/>
      <line num="164" count="1" type="cond" truecount="1" falsecount="1"/>
      <line num="166" count="1" type="stmt"/>
      <line num="168" count="0" type="stmt"/>
      <line num="173" count="1" type="stmt"/>
    </file>
    <file name="math.js" path="C:\Users\redwa\OneDrive\Bureau\tp-jest-master\src\math.js">
      <metrics statements="49" coveredstatements="46" conditionals="32" coveredconditionals="29" methods="6" coveredmethods="6"/>
      <line num="1" count="1" type="stmt"/>
      <line num="2" count="1" type="stmt"/>
      <line num="3" count="11" type="cond" truecount="2" falsecount="0"/>
      <line num="4" count="3" type="stmt"/>
      <line num="7" count="8" type="cond" truecount="2" falsecount="0"/>
      <line num="8" count="1" type="stmt"/>
      <line num="11" count="7" type="cond" truecount="2" falsecount="0"/>
      <line num="12" count="1" type="stmt"/>
      <line num="15" count="6" type="stmt"/>
      <line num="26" count="1" type="stmt"/>
      <line num="27" count="25" type="cond" truecount="4" falsecount="0"/>
      <line num="28" count="5" type="stmt"/>
      <line num="30" count="20" type="cond" truecount="2" falsecount="0"/>
      <line num="31" count="1" type="stmt"/>
      <line num="33" count="19" type="stmt"/>
      <line num="34" count="92" type="cond" truecount="2" falsecount="0"/>
      <line num="35" count="12" type="stmt"/>
      <line num="48" count="1" type="stmt"/>
      <line num="50" count="16" type="cond" truecount="2" falsecount="0"/>
      <line num="52" count="8" type="cond" truecount="1" falsecount="1"/>
      <line num="54" count="0" type="stmt"/>
      <line num="56" count="8" type="stmt"/>
      <line num="60" count="8" type="cond" truecount="2" falsecount="0"/>
      <line num="62" count="3" type="stmt"/>
      <line num="64" count="5" type="stmt"/>
      <line num="80" count="1" type="stmt"/>
      <line num="82" count="2" type="stmt"/>
      <line num="83" count="2" type="stmt"/>
      <line num="85" count="7" type="cond" truecount="3" falsecount="1"/>
      <line num="87" count="0" type="stmt"/>
      <line num="89" count="7" type="cond" truecount="2" falsecount="0"/>
      <line num="91" count="1" type="stmt"/>
      <line num="93" count="6" type="cond" truecount="2" falsecount="0"/>
      <line num="95" count="1" type="stmt"/>
      <line num="97" count="5" type="stmt"/>
      <line num="98" count="7" type="stmt"/>
      <line num="100" count="2" type="stmt"/>
      <line num="112" count="1" type="stmt"/>
      <line num="114" count="3" type="stmt"/>
      <line num="115" count="3" type="stmt"/>
      <line num="116" count="3" type="stmt"/>
      <line num="118" count="6" type="stmt"/>
      <line num="119" count="6" type="cond" truecount="2" falsecount="0"/>
      <line num="121" count="1" type="stmt"/>
      <line num="123" count="6" type="cond" truecount="1" falsecount="1"/>
      <line num="125" count="0" type="stmt"/>
      <line num="127" count="6" type="stmt"/>
      <line num="130" count="3" type="stmt"/>
      <line num="133" count="1" type="stmt"/>
    </file>
  </project>
</coverage>
