{"C:\\Users\\redwa\\OneDrive\\Bureau\\tp-jest-master\\src\\interval.js": {"path":"C:\\Users\\redwa\\OneDrive\\Bureau\\tp-jest-master\\src\\interval.js","statementMap":{"0":{"start":{"line":3,"column":8},"end":{"line":3,"column":27}},"1":{"start":{"line":4,"column":8},"end":{"line":4,"column":22}},"2":{"start":{"line":9,"column":8},"end":{"line":9,"column":55}},"3":{"start":{"line":28,"column":8},"end":{"line":28,"column":70}},"4":{"start":{"line":48,"column":8},"end":{"line":48,"column":72}},"5":{"start":{"line":69,"column":16},"end":{"line":74,"column":17}},"6":{"start":{"line":70,"column":20},"end":{"line":70,"column":113}},"7":{"start":{"line":73,"column":20},"end":{"line":73,"column":200}},"8":{"start":{"line":95,"column":8},"end":{"line":113,"column":23}},"9":{"start":{"line":97,"column":12},"end":{"line":111,"column":13}},"10":{"start":{"line":99,"column":16},"end":{"line":103,"column":70}},"11":{"start":{"line":101,"column":20},"end":{"line":101,"column":65}},"12":{"start":{"line":103,"column":21},"end":{"line":103,"column":70}},"13":{"start":{"line":106,"column":16},"end":{"line":110,"column":66}},"14":{"start":{"line":108,"column":20},"end":{"line":108,"column":61}},"15":{"start":{"line":110,"column":21},"end":{"line":110,"column":66}},"16":{"start":{"line":113,"column":13},"end":{"line":113,"column":23}},"17":{"start":{"line":135,"column":8},"end":{"line":170,"column":9}},"18":{"start":{"line":138,"column":12},"end":{"line":161,"column":13}},"19":{"start":{"line":140,"column":16},"end":{"line":140,"column":97}},"20":{"start":{"line":142,"column":17},"end":{"line":161,"column":13}},"21":{"start":{"line":144,"column":16},"end":{"line":148,"column":102}},"22":{"start":{"line":146,"column":20},"end":{"line":146,"column":101}},"23":{"start":{"line":148,"column":21},"end":{"line":148,"column":102}},"24":{"start":{"line":149,"column":19},"end":{"line":161,"column":13}},"25":{"start":{"line":151,"column":16},"end":{"line":158,"column":17}},"26":{"start":{"line":153,"column":20},"end":{"line":153,"column":101}},"27":{"start":{"line":157,"column":20},"end":{"line":157,"column":101}},"28":{"start":{"line":159,"column":19},"end":{"line":161,"column":13}},"29":{"start":{"line":160,"column":16},"end":{"line":160,"column":100}},"30":{"start":{"line":165,"column":12},"end":{"line":169,"column":67}},"31":{"start":{"line":167,"column":16},"end":{"line":167,"column":66}},"32":{"start":{"line":169,"column":17},"end":{"line":169,"column":67}},"33":{"start":{"line":174,"column":0},"end":{"line":174,"column":26}}},"fnMap":{"0":{"name":"(anonymous_0)","decl":{"start":{"line":2,"column":4},"end":{"line":2,"column":5}},"loc":{"start":{"line":2,"column":28},"end":{"line":5,"column":5}},"line":2},"1":{"name":"(anonymous_1)","decl":{"start":{"line":7,"column":4},"end":{"line":7,"column":5}},"loc":{"start":{"line":8,"column":4},"end":{"line":10,"column":5}},"line":8},"2":{"name":"(anonymous_2)","decl":{"start":{"line":26,"column":4},"end":{"line":26,"column":5}},"loc":{"start":{"line":27,"column":4},"end":{"line":29,"column":5}},"line":27},"3":{"name":"(anonymous_3)","decl":{"start":{"line":47,"column":4},"end":{"line":47,"column":5}},"loc":{"start":{"line":47,"column":23},"end":{"line":49,"column":5}},"line":47},"4":{"name":"(anonymous_4)","decl":{"start":{"line":67,"column":4},"end":{"line":67,"column":5}},"loc":{"start":{"line":68,"column":4},"end":{"line":75,"column":5}},"line":68},"5":{"name":"(anonymous_5)","decl":{"start":{"line":94,"column":4},"end":{"line":94,"column":5}},"loc":{"start":{"line":94,"column":27},"end":{"line":114,"column":5}},"line":94},"6":{"name":"(anonymous_6)","decl":{"start":{"line":132,"column":3},"end":{"line":132,"column":4}},"loc":{"start":{"line":133,"column":4},"end":{"line":171,"column":5}},"line":133}},"branchMap":{"0":{"loc":{"start":{"line":28,"column":15},"end":{"line":28,"column":69}},"type":"binary-expr","locations":[{"start":{"line":28,"column":15},"end":{"line":28,"column":40}},{"start":{"line":28,"column":44},"end":{"line":28,"column":69}}],"line":28},"1":{"loc":{"start":{"line":48,"column":15},"end":{"line":48,"column":71}},"type":"binary-expr","locations":[{"start":{"line":48,"column":15},"end":{"line":48,"column":39}},{"start":{"line":48,"column":43},"end":{"line":48,"column":71}}],"line":48},"2":{"loc":{"start":{"line":69,"column":16},"end":{"line":74,"column":17}},"type":"if","locations":[{"start":{"line":69,"column":16},"end":{"line":74,"column":17}},{"start":{"line":69,"column":16},"end":{"line":74,"column":17}}],"line":69},"3":{"loc":{"start":{"line":95,"column":8},"end":{"line":113,"column":23}},"type":"if","locations":[{"start":{"line":95,"column":8},"end":{"line":113,"column":23}},{"start":{"line":95,"column":8},"end":{"line":113,"column":23}}],"line":95},"4":{"loc":{"start":{"line":97,"column":12},"end":{"line":111,"column":13}},"type":"if","locations":[{"start":{"line":97,"column":12},"end":{"line":111,"column":13}},{"start":{"line":97,"column":12},"end":{"line":111,"column":13}}],"line":97},"5":{"loc":{"start":{"line":99,"column":16},"end":{"line":103,"column":70}},"type":"if","locations":[{"start":{"line":99,"column":16},"end":{"line":103,"column":70}},{"start":{"line":99,"column":16},"end":{"line":103,"column":70}}],"line":99},"6":{"loc":{"start":{"line":106,"column":16},"end":{"line":110,"column":66}},"type":"if","locations":[{"start":{"line":106,"column":16},"end":{"line":110,"column":66}},{"start":{"line":106,"column":16},"end":{"line":110,"column":66}}],"line":106},"7":{"loc":{"start":{"line":135,"column":8},"end":{"line":170,"column":9}},"type":"if","locations":[{"start":{"line":135,"column":8},"end":{"line":170,"column":9}},{"start":{"line":135,"column":8},"end":{"line":170,"column":9}}],"line":135},"8":{"loc":{"start":{"line":138,"column":12},"end":{"line":161,"column":13}},"type":"if","locations":[{"start":{"line":138,"column":12},"end":{"line":161,"column":13}},{"start":{"line":138,"column":12},"end":{"line":161,"column":13}}],"line":138},"9":{"loc":{"start":{"line":138,"column":15},"end":{"line":138,"column":65}},"type":"binary-expr","locations":[{"start":{"line":138,"column":15},"end":{"line":138,"column":39}},{"start":{"line":138,"column":43},"end":{"line":138,"column":65}}],"line":138},"10":{"loc":{"start":{"line":142,"column":17},"end":{"line":161,"column":13}},"type":"if","locations":[{"start":{"line":142,"column":17},"end":{"line":161,"column":13}},{"start":{"line":142,"column":17},"end":{"line":161,"column":13}}],"line":142},"11":{"loc":{"start":{"line":142,"column":20},"end":{"line":142,"column":70}},"type":"binary-expr","locations":[{"start":{"line":142,"column":20},"end":{"line":142,"column":44}},{"start":{"line":142,"column":48},"end":{"line":142,"column":70}}],"line":142},"12":{"loc":{"start":{"line":144,"column":16},"end":{"line":148,"column":102}},"type":"if","locations":[{"start":{"line":144,"column":16},"end":{"line":148,"column":102}},{"start":{"line":144,"column":16},"end":{"line":148,"column":102}}],"line":144},"13":{"loc":{"start":{"line":149,"column":19},"end":{"line":161,"column":13}},"type":"if","locations":[{"start":{"line":149,"column":19},"end":{"line":161,"column":13}},{"start":{"line":149,"column":19},"end":{"line":161,"column":13}}],"line":149},"14":{"loc":{"start":{"line":149,"column":22},"end":{"line":149,"column":72}},"type":"binary-expr","locations":[{"start":{"line":149,"column":22},"end":{"line":149,"column":46}},{"start":{"line":149,"column":50},"end":{"line":149,"column":72}}],"line":149},"15":{"loc":{"start":{"line":151,"column":16},"end":{"line":158,"column":17}},"type":"if","locations":[{"start":{"line":151,"column":16},"end":{"line":158,"column":17}},{"start":{"line":151,"column":16},"end":{"line":158,"column":17}}],"line":151},"16":{"loc":{"start":{"line":159,"column":19},"end":{"line":161,"column":13}},"type":"if","locations":[{"start":{"line":159,"column":19},"end":{"line":161,"column":13}},{"start":{"line":159,"column":19},"end":{"line":161,"column":13}}],"line":159},"17":{"loc":{"start":{"line":159,"column":22},"end":{"line":159,"column":72}},"type":"binary-expr","locations":[{"start":{"line":159,"column":22},"end":{"line":159,"column":46}},{"start":{"line":159,"column":50},"end":{"line":159,"column":72}}],"line":159},"18":{"loc":{"start":{"line":165,"column":12},"end":{"line":169,"column":67}},"type":"if","locations":[{"start":{"line":165,"column":12},"end":{"line":169,"column":67}},{"start":{"line":165,"column":12},"end":{"line":169,"column":67}}],"line":165}},"s":{"0":61,"1":61,"2":0,"3":14,"4":2,"5":2,"6":1,"7":1,"8":5,"9":4,"10":2,"11":1,"12":1,"13":2,"14":1,"15":1,"16":1,"17":5,"18":4,"19":0,"20":4,"21":2,"22":1,"23":1,"24":2,"25":2,"26":2,"27":0,"28":0,"29":0,"30":1,"31":1,"32":0,"33":1},"f":{"0":61,"1":0,"2":14,"3":2,"4":2,"5":5,"6":5},"b":{"0":[14,12],"1":[2,2],"2":[1,1],"3":[4,1],"4":[2,2],"5":[1,1],"6":[1,1],"7":[4,1],"8":[0,4],"9":[4,2],"10":[2,2],"11":[4,2],"12":[1,1],"13":[2,0],"14":[2,2],"15":[2,0],"16":[0,0],"17":[0,0],"18":[1,0]},"_coverageSchema":"43e27e138ebf9cfc5966b082cf9a028302ed4184","hash":"afb20607c4f9f877613788a8913d25d93c9f6fc7"}
,"C:\\Users\\redwa\\OneDrive\\Bureau\\tp-jest-master\\src\\math.js": {"path":"C:\\Users\\redwa\\OneDrive\\Bureau\\tp-jest-master\\src\\math.js","statementMap":{"0":{"start":{"line":1,"column":11},"end":{"line":1,"column":13}},"1":{"start":{"line":2,"column":0},"end":{"line":16,"column":2}},"2":{"start":{"line":3,"column":4},"end":{"line":5,"column":5}},"3":{"start":{"line":4,"column":8},"end":{"line":4,"column":17}},"4":{"start":{"line":7,"column":4},"end":{"line":9,"column":5}},"5":{"start":{"line":8,"column":8},"end":{"line":8,"column":27}},"6":{"start":{"line":11,"column":4},"end":{"line":13,"column":5}},"7":{"start":{"line":12,"column":8},"end":{"line":12,"column":29}},"8":{"start":{"line":15,"column":4},"end":{"line":15,"column":37}},"9":{"start":{"line":26,"column":0},"end":{"line":37,"column":2}},"10":{"start":{"line":27,"column":4},"end":{"line":29,"column":5}},"11":{"start":{"line":28,"column":8},"end":{"line":28,"column":21}},"12":{"start":{"line":30,"column":4},"end":{"line":32,"column":5}},"13":{"start":{"line":31,"column":8},"end":{"line":31,"column":49}},"14":{"start":{"line":33,"column":4},"end":{"line":34,"column":38}},"15":{"start":{"line":33,"column":17},"end":{"line":33,"column":18}},"16":{"start":{"line":34,"column":8},"end":{"line":34,"column":38}},"17":{"start":{"line":34,"column":25},"end":{"line":34,"column":38}},"18":{"start":{"line":35,"column":4},"end":{"line":35,"column":16}},"19":{"start":{"line":48,"column":0},"end":{"line":66,"column":2}},"20":{"start":{"line":50,"column":4},"end":{"line":65,"column":5}},"21":{"start":{"line":52,"column":8},"end":{"line":56,"column":36}},"22":{"start":{"line":54,"column":10},"end":{"line":54,"column":19}},"23":{"start":{"line":56,"column":8},"end":{"line":56,"column":36}},"24":{"start":{"line":60,"column":8},"end":{"line":64,"column":33}},"25":{"start":{"line":62,"column":12},"end":{"line":62,"column":21}},"26":{"start":{"line":64,"column":7},"end":{"line":64,"column":33}},"27":{"start":{"line":80,"column":0},"end":{"line":101,"column":2}},"28":{"start":{"line":82,"column":18},"end":{"line":82,"column":25}},"29":{"start":{"line":83,"column":4},"end":{"line":99,"column":5}},"30":{"start":{"line":85,"column":8},"end":{"line":97,"column":31}},"31":{"start":{"line":87,"column":12},"end":{"line":87,"column":38}},"32":{"start":{"line":89,"column":13},"end":{"line":97,"column":31}},"33":{"start":{"line":91,"column":12},"end":{"line":91,"column":35}},"34":{"start":{"line":93,"column":13},"end":{"line":97,"column":31}},"35":{"start":{"line":95,"column":12},"end":{"line":95,"column":35}},"36":{"start":{"line":97,"column":13},"end":{"line":97,"column":31}},"37":{"start":{"line":98,"column":8},"end":{"line":98,"column":12}},"38":{"start":{"line":100,"column":4},"end":{"line":100,"column":21}},"39":{"start":{"line":112,"column":0},"end":{"line":131,"column":2}},"40":{"start":{"line":114,"column":21},"end":{"line":114,"column":37}},"41":{"start":{"line":115,"column":17},"end":{"line":115,"column":19}},"42":{"start":{"line":116,"column":4},"end":{"line":129,"column":6}},"43":{"start":{"line":118,"column":21},"end":{"line":118,"column":36}},"44":{"start":{"line":119,"column":12},"end":{"line":122,"column":13}},"45":{"start":{"line":121,"column":16},"end":{"line":121,"column":24}},"46":{"start":{"line":123,"column":12},"end":{"line":126,"column":13}},"47":{"start":{"line":125,"column":16},"end":{"line":125,"column":24}},"48":{"start":{"line":127,"column":12},"end":{"line":127,"column":50}},"49":{"start":{"line":130,"column":4},"end":{"line":130,"column":20}},"50":{"start":{"line":133,"column":0},"end":{"line":133,"column":22}}},"fnMap":{"0":{"name":"(anonymous_0)","decl":{"start":{"line":2,"column":17},"end":{"line":2,"column":18}},"loc":{"start":{"line":2,"column":24},"end":{"line":16,"column":1}},"line":2},"1":{"name":"(anonymous_1)","decl":{"start":{"line":26,"column":15},"end":{"line":26,"column":16}},"loc":{"start":{"line":26,"column":28},"end":{"line":37,"column":1}},"line":26},"2":{"name":"(anonymous_2)","decl":{"start":{"line":48,"column":16},"end":{"line":48,"column":17}},"loc":{"start":{"line":49,"column":0},"end":{"line":66,"column":1}},"line":49},"3":{"name":"(anonymous_3)","decl":{"start":{"line":80,"column":16},"end":{"line":80,"column":17}},"loc":{"start":{"line":81,"column":0},"end":{"line":101,"column":1}},"line":81},"4":{"name":"(anonymous_4)","decl":{"start":{"line":112,"column":14},"end":{"line":112,"column":15}},"loc":{"start":{"line":113,"column":0},"end":{"line":131,"column":1}},"line":113},"5":{"name":"(anonymous_5)","decl":{"start":{"line":116,"column":25},"end":{"line":116,"column":26}},"loc":{"start":{"line":117,"column":8},"end":{"line":128,"column":9}},"line":117}},"branchMap":{"0":{"loc":{"start":{"line":3,"column":4},"end":{"line":5,"column":5}},"type":"if","locations":[{"start":{"line":3,"column":4},"end":{"line":5,"column":5}},{"start":{"line":3,"column":4},"end":{"line":5,"column":5}}],"line":3},"1":{"loc":{"start":{"line":7,"column":4},"end":{"line":9,"column":5}},"type":"if","locations":[{"start":{"line":7,"column":4},"end":{"line":9,"column":5}},{"start":{"line":7,"column":4},"end":{"line":9,"column":5}}],"line":7},"2":{"loc":{"start":{"line":11,"column":4},"end":{"line":13,"column":5}},"type":"if","locations":[{"start":{"line":11,"column":4},"end":{"line":13,"column":5}},{"start":{"line":11,"column":4},"end":{"line":13,"column":5}}],"line":11},"3":{"loc":{"start":{"line":27,"column":4},"end":{"line":29,"column":5}},"type":"if","locations":[{"start":{"line":27,"column":4},"end":{"line":29,"column":5}},{"start":{"line":27,"column":4},"end":{"line":29,"column":5}}],"line":27},"4":{"loc":{"start":{"line":27,"column":8},"end":{"line":27,"column":26}},"type":"binary-expr","locations":[{"start":{"line":27,"column":8},"end":{"line":27,"column":15}},{"start":{"line":27,"column":19},"end":{"line":27,"column":26}}],"line":27},"5":{"loc":{"start":{"line":30,"column":4},"end":{"line":32,"column":5}},"type":"if","locations":[{"start":{"line":30,"column":4},"end":{"line":32,"column":5}},{"start":{"line":30,"column":4},"end":{"line":32,"column":5}}],"line":30},"6":{"loc":{"start":{"line":34,"column":8},"end":{"line":34,"column":38}},"type":"if","locations":[{"start":{"line":34,"column":8},"end":{"line":34,"column":38}},{"start":{"line":34,"column":8},"end":{"line":34,"column":38}}],"line":34},"7":{"loc":{"start":{"line":50,"column":4},"end":{"line":65,"column":5}},"type":"if","locations":[{"start":{"line":50,"column":4},"end":{"line":65,"column":5}},{"start":{"line":50,"column":4},"end":{"line":65,"column":5}}],"line":50},"8":{"loc":{"start":{"line":52,"column":8},"end":{"line":56,"column":36}},"type":"if","locations":[{"start":{"line":52,"column":8},"end":{"line":56,"column":36}},{"start":{"line":52,"column":8},"end":{"line":56,"column":36}}],"line":52},"9":{"loc":{"start":{"line":60,"column":8},"end":{"line":64,"column":33}},"type":"if","locations":[{"start":{"line":60,"column":8},"end":{"line":64,"column":33}},{"start":{"line":60,"column":8},"end":{"line":64,"column":33}}],"line":60},"10":{"loc":{"start":{"line":85,"column":8},"end":{"line":97,"column":31}},"type":"if","locations":[{"start":{"line":85,"column":8},"end":{"line":97,"column":31}},{"start":{"line":85,"column":8},"end":{"line":97,"column":31}}],"line":85},"11":{"loc":{"start":{"line":85,"column":11},"end":{"line":85,"column":35}},"type":"binary-expr","locations":[{"start":{"line":85,"column":11},"end":{"line":85,"column":21}},{"start":{"line":85,"column":25},"end":{"line":85,"column":35}}],"line":85},"12":{"loc":{"start":{"line":89,"column":13},"end":{"line":97,"column":31}},"type":"if","locations":[{"start":{"line":89,"column":13},"end":{"line":97,"column":31}},{"start":{"line":89,"column":13},"end":{"line":97,"column":31}}],"line":89},"13":{"loc":{"start":{"line":93,"column":13},"end":{"line":97,"column":31}},"type":"if","locations":[{"start":{"line":93,"column":13},"end":{"line":97,"column":31}},{"start":{"line":93,"column":13},"end":{"line":97,"column":31}}],"line":93},"14":{"loc":{"start":{"line":119,"column":12},"end":{"line":122,"column":13}},"type":"if","locations":[{"start":{"line":119,"column":12},"end":{"line":122,"column":13}},{"start":{"line":119,"column":12},"end":{"line":122,"column":13}}],"line":119},"15":{"loc":{"start":{"line":123,"column":12},"end":{"line":126,"column":13}},"type":"if","locations":[{"start":{"line":123,"column":12},"end":{"line":126,"column":13}},{"start":{"line":123,"column":12},"end":{"line":126,"column":13}}],"line":123}},"s":{"0":1,"1":1,"2":11,"3":3,"4":8,"5":1,"6":7,"7":1,"8":6,"9":1,"10":25,"11":5,"12":20,"13":1,"14":19,"15":19,"16":92,"17":7,"18":12,"19":1,"20":16,"21":8,"22":0,"23":8,"24":8,"25":3,"26":5,"27":1,"28":2,"29":2,"30":7,"31":0,"32":7,"33":1,"34":6,"35":1,"36":5,"37":7,"38":2,"39":1,"40":3,"41":3,"42":3,"43":6,"44":6,"45":1,"46":6,"47":0,"48":6,"49":3,"50":1},"f":{"0":11,"1":25,"2":16,"3":2,"4":3,"5":6},"b":{"0":[3,8],"1":[1,7],"2":[1,6],"3":[5,20],"4":[25,21],"5":[1,19],"6":[7,85],"7":[8,8],"8":[0,8],"9":[3,5],"10":[0,7],"11":[7,1],"12":[1,6],"13":[1,5],"14":[1,5],"15":[0,6]},"_coverageSchema":"43e27e138ebf9cfc5966b082cf9a028302ed4184","hash":"9583b58be04c3138949a2d293a398699614a309f"}
}
