TN:
SF:C:\Users\redwa\OneDrive\Bureau\tp-jest-master\src\book.repository.js
FN:6,(anonymous_0)
FN:10,(anonymous_1)
FN:17,(anonymous_2)
FN:25,(anonymous_3)
FN:31,(anonymous_4)
FN:54,(anonymous_5)
FNF:6
FNH:3
FNDA:2,(anonymous_0)
FNDA:1,(anonymous_1)
FNDA:1,(anonymous_2)
FNDA:0,(anonymous_3)
FNDA:0,(anonymous_4)
FNDA:0,(anonymous_5)
DA:7,2
DA:11,1
DA:19,1
DA:62,1
LF:4
LH:4
BRF:0
BRH:0
end_of_record
TN:
SF:C:\Users\redwa\OneDrive\Bureau\tp-jest-master\src\interval.js
FN:2,(anonymous_0)
FN:7,(anonymous_1)
FN:26,(anonymous_2)
FN:47,(anonymous_3)
FN:67,(anonymous_4)
FN:94,(anonymous_5)
FN:132,(anonymous_6)
FNF:7
FNH:6
FNDA:63,(anonymous_0)
FNDA:0,(anonymous_1)
FNDA:14,(anonymous_2)
FNDA:2,(anonymous_3)
FNDA:2,(anonymous_4)
FNDA:5,(anonymous_5)
FNDA:5,(anonymous_6)
DA:3,63
DA:4,63
DA:9,0
DA:28,14
DA:48,2
DA:69,2
DA:70,1
DA:73,1
DA:95,5
DA:97,4
DA:99,2
DA:101,1
DA:103,1
DA:106,2
DA:108,1
DA:110,1
DA:113,1
DA:135,5
DA:138,4
DA:140,0
DA:142,4
DA:144,2
DA:146,1
DA:148,1
DA:150,2
DA:152,1
DA:154,1
DA:156,1
DA:158,0
DA:159,0
DA:164,1
DA:166,1
DA:168,0
DA:173,1
LF:34
LH:29
BRDA:28,0,0,14
BRDA:28,0,1,12
BRDA:48,1,0,2
BRDA:48,1,1,2
BRDA:69,2,0,1
BRDA:69,2,1,1
BRDA:95,3,0,4
BRDA:95,3,1,1
BRDA:97,4,0,2
BRDA:97,4,1,2
BRDA:99,5,0,1
BRDA:99,5,1,1
BRDA:106,6,0,1
BRDA:106,6,1,1
BRDA:135,7,0,4
BRDA:135,7,1,1
BRDA:138,8,0,0
BRDA:138,8,1,4
BRDA:138,9,0,4
BRDA:138,9,1,2
BRDA:142,10,0,2
BRDA:142,10,1,2
BRDA:142,11,0,4
BRDA:142,11,1,2
BRDA:144,12,0,1
BRDA:144,12,1,1
BRDA:150,13,0,1
BRDA:150,13,1,1
BRDA:150,14,0,2
BRDA:150,14,1,2
BRDA:154,15,0,1
BRDA:154,15,1,0
BRDA:154,16,0,1
BRDA:154,16,1,1
BRDA:158,17,0,0
BRDA:158,17,1,0
BRDA:158,18,0,0
BRDA:158,18,1,0
BRDA:164,19,0,1
BRDA:164,19,1,0
BRF:40
BRH:33
end_of_record
TN:
SF:C:\Users\redwa\OneDrive\Bureau\tp-jest-master\src\math.js
FN:2,(anonymous_0)
FN:26,(anonymous_1)
FN:48,(anonymous_2)
FN:80,(anonymous_3)
FN:112,(anonymous_4)
FN:116,(anonymous_5)
FNF:6
FNH:6
FNDA:11,(anonymous_0)
FNDA:25,(anonymous_1)
FNDA:16,(anonymous_2)
FNDA:2,(anonymous_3)
FNDA:3,(anonymous_4)
FNDA:6,(anonymous_5)
DA:1,1
DA:2,1
DA:3,11
DA:4,3
DA:7,8
DA:8,1
DA:11,7
DA:12,1
DA:15,6
DA:26,1
DA:27,25
DA:28,5
DA:30,20
DA:31,1
DA:33,19
DA:34,92
DA:35,12
DA:48,1
DA:50,16
DA:52,8
DA:54,0
DA:56,8
DA:60,8
DA:62,3
DA:64,5
DA:80,1
DA:82,2
DA:83,2
DA:85,7
DA:87,0
DA:89,7
DA:91,1
DA:93,6
DA:95,1
DA:97,5
DA:98,7
DA:100,2
DA:112,1
DA:114,3
DA:115,3
DA:116,3
DA:118,6
DA:119,6
DA:121,1
DA:123,6
DA:125,0
DA:127,6
DA:130,3
DA:133,1
LF:49
LH:46
BRDA:3,0,0,3
BRDA:3,0,1,8
BRDA:7,1,0,1
BRDA:7,1,1,7
BRDA:11,2,0,1
BRDA:11,2,1,6
BRDA:27,3,0,5
BRDA:27,3,1,20
BRDA:27,4,0,25
BRDA:27,4,1,21
BRDA:30,5,0,1
BRDA:30,5,1,19
BRDA:34,6,0,7
BRDA:34,6,1,85
BRDA:50,7,0,8
BRDA:50,7,1,8
BRDA:52,8,0,0
BRDA:52,8,1,8
BRDA:60,9,0,3
BRDA:60,9,1,5
BRDA:85,10,0,0
BRDA:85,10,1,7
BRDA:85,11,0,7
BRDA:85,11,1,1
BRDA:89,12,0,1
BRDA:89,12,1,6
BRDA:93,13,0,1
BRDA:93,13,1,5
BRDA:119,14,0,1
BRDA:119,14,1,5
BRDA:123,15,0,0
BRDA:123,15,1,6
BRF:32
BRH:29
end_of_record
